d:\2022c_code\基于stl的演讲比赛流程管理系统 - 3\基于stl的演讲比赛流程管理系统 - 3\x64\debug\vc143.pdb
d:\2022c_code\基于stl的演讲比赛流程管理系统 - 3\基于stl的演讲比赛流程管理系统 - 3\x64\debug\vc143.idb
d:\2022c_code\基于stl的演讲比赛流程管理系统 - 3\基于stl的演讲比赛流程管理系统 - 3\x64\debug\演讲比赛流程管理系统.obj
d:\2022c_code\基于stl的演讲比赛流程管理系统 - 3\基于stl的演讲比赛流程管理系统 - 3\x64\debug\speechmanager.obj
d:\2022c_code\基于stl的演讲比赛流程管理系统 - 3\x64\debug\基于stl的演讲比赛流程管理系统 - 3.pdb
d:\2022c_code\基于stl的演讲比赛流程管理系统 - 3\基于stl的演讲比赛流程管理系统 - 3\x64\debug\基于stl的演讲.cc9685cf.tlog\cl.command.1.tlog
d:\2022c_code\基于stl的演讲比赛流程管理系统 - 3\基于stl的演讲比赛流程管理系统 - 3\x64\debug\基于stl的演讲.cc9685cf.tlog\cl.read.1.tlog
d:\2022c_code\基于stl的演讲比赛流程管理系统 - 3\基于stl的演讲比赛流程管理系统 - 3\x64\debug\基于stl的演讲.cc9685cf.tlog\cl.write.1.tlog
d:\2022c_code\基于stl的演讲比赛流程管理系统 - 3\基于stl的演讲比赛流程管理系统 - 3\x64\debug\基于stl的演讲.cc9685cf.tlog\link-cvtres.read.1.tlog
d:\2022c_code\基于stl的演讲比赛流程管理系统 - 3\基于stl的演讲比赛流程管理系统 - 3\x64\debug\基于stl的演讲.cc9685cf.tlog\link-cvtres.write.1.tlog
d:\2022c_code\基于stl的演讲比赛流程管理系统 - 3\基于stl的演讲比赛流程管理系统 - 3\x64\debug\基于stl的演讲.cc9685cf.tlog\link-rc.read.1.tlog
d:\2022c_code\基于stl的演讲比赛流程管理系统 - 3\基于stl的演讲比赛流程管理系统 - 3\x64\debug\基于stl的演讲.cc9685cf.tlog\link-rc.write.1.tlog
d:\2022c_code\基于stl的演讲比赛流程管理系统 - 3\基于stl的演讲比赛流程管理系统 - 3\x64\debug\基于stl的演讲.cc9685cf.tlog\link.24788-cvtres.read.1.tlog
d:\2022c_code\基于stl的演讲比赛流程管理系统 - 3\基于stl的演讲比赛流程管理系统 - 3\x64\debug\基于stl的演讲.cc9685cf.tlog\link.24788-cvtres.write.1.tlog
d:\2022c_code\基于stl的演讲比赛流程管理系统 - 3\基于stl的演讲比赛流程管理系统 - 3\x64\debug\基于stl的演讲.cc9685cf.tlog\link.24788-rc.read.1.tlog
d:\2022c_code\基于stl的演讲比赛流程管理系统 - 3\基于stl的演讲比赛流程管理系统 - 3\x64\debug\基于stl的演讲.cc9685cf.tlog\link.24788-rc.write.1.tlog
d:\2022c_code\基于stl的演讲比赛流程管理系统 - 3\基于stl的演讲比赛流程管理系统 - 3\x64\debug\基于stl的演讲.cc9685cf.tlog\link.24788.read.1.tlog
d:\2022c_code\基于stl的演讲比赛流程管理系统 - 3\基于stl的演讲比赛流程管理系统 - 3\x64\debug\基于stl的演讲.cc9685cf.tlog\link.24788.read.2.tlog
d:\2022c_code\基于stl的演讲比赛流程管理系统 - 3\基于stl的演讲比赛流程管理系统 - 3\x64\debug\基于stl的演讲.cc9685cf.tlog\link.24788.write.1.tlog
d:\2022c_code\基于stl的演讲比赛流程管理系统 - 3\基于stl的演讲比赛流程管理系统 - 3\x64\debug\基于stl的演讲.cc9685cf.tlog\link.command.1.tlog
d:\2022c_code\基于stl的演讲比赛流程管理系统 - 3\基于stl的演讲比赛流程管理系统 - 3\x64\debug\基于stl的演讲.cc9685cf.tlog\link.read.1.tlog
d:\2022c_code\基于stl的演讲比赛流程管理系统 - 3\基于stl的演讲比赛流程管理系统 - 3\x64\debug\基于stl的演讲.cc9685cf.tlog\link.read.2.tlog
d:\2022c_code\基于stl的演讲比赛流程管理系统 - 3\基于stl的演讲比赛流程管理系统 - 3\x64\debug\基于stl的演讲.cc9685cf.tlog\link.write.1.tlog
