  9 类模板案例.cpp
D:\2022C_code\类模板案例\类模板案例\9 类模板案例.cpp(69,6): error C2182: “printPersonArray”: 非法使用“void”类型
D:\2022C_code\类模板案例\类模板案例\9 类模板案例.cpp(69,23): error C2065: “MyArray”: 未声明的标识符
D:\2022C_code\类模板案例\类模板案例\9 类模板案例.cpp(69,31): error C2275: “Person”: 将此类型用作表达式非法
D:\2022C_code\类模板案例\类模板案例\9 类模板案例.cpp(52): message : 参见“Person”的声明
D:\2022C_code\类模板案例\类模板案例\9 类模板案例.cpp(69,40): error C2065: “personArr”: 未声明的标识符
D:\2022C_code\类模板案例\类模板案例\9 类模板案例.cpp(70,1): error C2143: 语法错误: 缺少“;”(在“{”的前面)
D:\2022C_code\类模板案例\类模板案例\9 类模板案例.cpp(70,1): error C2447: “{”: 缺少函数标题(是否是老式的形式表?)
D:\2022C_code\类模板案例\类模板案例\9 类模板案例.cpp(80,2): error C2065: “MyArray”: 未声明的标识符
D:\2022C_code\类模板案例\类模板案例\9 类模板案例.cpp(80,10): error C2275: “Person”: 将此类型用作表达式非法
D:\2022C_code\类模板案例\类模板案例\9 类模板案例.cpp(52): message : 参见“Person”的声明
D:\2022C_code\类模板案例\类模板案例\9 类模板案例.cpp(80,18): error C3861: “pArray”: 找不到标识符
D:\2022C_code\类模板案例\类模板案例\9 类模板案例.cpp(88,2): error C2065: “pArray”: 未声明的标识符
D:\2022C_code\类模板案例\类模板案例\9 类模板案例.cpp(89,2): error C2065: “pArray”: 未声明的标识符
D:\2022C_code\类模板案例\类模板案例\9 类模板案例.cpp(90,2): error C2065: “pArray”: 未声明的标识符
D:\2022C_code\类模板案例\类模板案例\9 类模板案例.cpp(91,2): error C2065: “pArray”: 未声明的标识符
D:\2022C_code\类模板案例\类模板案例\9 类模板案例.cpp(92,2): error C2065: “pArray”: 未声明的标识符
D:\2022C_code\类模板案例\类模板案例\9 类模板案例.cpp(94,19): error C2065: “pArray”: 未声明的标识符
D:\2022C_code\类模板案例\类模板案例\9 类模板案例.cpp(96,34): error C2065: “pArray”: 未声明的标识符
D:\2022C_code\类模板案例\类模板案例\9 类模板案例.cpp(97,34): error C2065: “pArray”: 未声明的标识符
D:\2022C_code\类模板案例\类模板案例\9 类模板案例.cpp(103,2): error C3861: “test2”: 找不到标识符
